This is pdfTeX, Version 3.141592653-2.6-1.40.26 (TeX Live 2024) (preloaded format=pdflatex 2024.4.24)  24 APR 2024 23:43
entering extended mode
 restricted \write18 enabled.
 %&-line parsing enabled.
**encares.tex
(./encares.tex
LaTeX2e <2023-11-01> patch level 1
L3 programming layer <2024-03-14>
(/usr/local/texlive/2024basic/texmf-dist/tex/latex/koma-script/scrbook.cls
Document Class: scrbook 2023/07/07 v3.41 KOMA-Script document class (book)
(/usr/local/texlive/2024basic/texmf-dist/tex/latex/koma-script/scrkbase.sty
Package: scrkbase 2023/07/07 v3.41 KOMA-Script package (KOMA-Script-dependent b
asics and keyval usage)

(/usr/local/texlive/2024basic/texmf-dist/tex/latex/koma-script/scrbase.sty
Package: scrbase 2023/07/07 v3.41 KOMA-Script package (KOMA-Script-independent 
basics and keyval usage)

(/usr/local/texlive/2024basic/texmf-dist/tex/latex/koma-script/scrlfile.sty
Package: scrlfile 2023/07/07 v3.41 KOMA-Script package (file load hooks)

(/usr/local/texlive/2024basic/texmf-dist/tex/latex/koma-script/scrlfile-hook.st
y
Package: scrlfile-hook 2023/07/07 v3.41 KOMA-Script package (using LaTeX hooks)

 (/usr/local/texlive/2024basic/texmf-dist/tex/latex/koma-script/scrlogo.sty
Package: scrlogo 2023/07/07 v3.41 KOMA-Script package (logo)
))) (/usr/local/texlive/2024basic/texmf-dist/tex/latex/graphics/keyval.sty
Package: keyval 2022/05/29 v1.15 key=value parser (DPC)
\KV@toks@=\toks17
)
Applying: [2021/05/01] Usage of raw or classic option list on input line 252.
Already applied: [0000/00/00] Usage of raw or classic option list on input line
 368.
))
(/usr/local/texlive/2024basic/texmf-dist/tex/latex/koma-script/tocbasic.sty
Package: tocbasic 2023/07/07 v3.41 KOMA-Script package (handling toc-files)
\scr@dte@tocline@numberwidth=\skip48
\scr@dte@tocline@numbox=\box51
)
Package tocbasic Info: omitting babel extension for `toc'
(tocbasic)             because of feature `nobabel' available
(tocbasic)             for `toc' on input line 135.
Class scrbook Info: File `scrsize11pt.clo' used instead of
(scrbook)           file `scrsize11.clo' to setup font sizes on input line 2691
.

(/usr/local/texlive/2024basic/texmf-dist/tex/latex/koma-script/scrsize11pt.clo
File: scrsize11pt.clo 2023/07/07 v3.41 KOMA-Script font size class option (11pt
)
) (/usr/local/texlive/2024basic/texmf-dist/tex/latex/koma-script/typearea.sty
Package: typearea 2023/07/07 v3.41 KOMA-Script package (type area)
\ta@bcor=\skip49
\ta@div=\count188
\ta@hblk=\skip50
\ta@vblk=\skip51
\ta@temp=\skip52
\footheight=\skip53
Package typearea Info: These are the values describing the layout:
(typearea)             DIV  = 10
(typearea)             BCOR = 0.0pt
(typearea)             \paperwidth      = 597.50793pt
(typearea)              \textwidth      = 418.25555pt
(typearea)              DIV departure   = -6%
(typearea)              \evensidemargin = 47.2316pt
(typearea)              \oddsidemargin  = -12.5192pt
(typearea)             \paperheight     = 845.04694pt
(typearea)              \textheight     = 595.80026pt
(typearea)              \topmargin      = -25.16531pt
(typearea)              \headheight     = 17.0pt
(typearea)              \headsep        = 20.40001pt
(typearea)              \topskip        = 11.0pt
(typearea)              \footskip       = 47.6pt
(typearea)              \baselineskip   = 13.6pt
(typearea)              on input line 1799.
)
\c@part=\count189
\c@chapter=\count190
\c@section=\count191
\c@subsection=\count192
\c@subsubsection=\count193
\c@paragraph=\count194
\c@subparagraph=\count195
\scr@dte@chapter@maxnumwidth=\skip54
Class scrbook Info: using compatibility default `afterindent=bysign'
(scrbook)           for `\chapter on input line 5990.
\scr@dte@section@maxnumwidth=\skip55
Class scrbook Info: using compatibility default `runin=bysign'
(scrbook)           for `\section on input line 6001.
Class scrbook Info: using compatibility default `afterindent=bysign'
(scrbook)           for `\section on input line 6001.
\scr@dte@part@maxnumwidth=\skip56
Class scrbook Info: using compatibility default `afterindent=true'
(scrbook)           for `\part on input line 6010.
\scr@dte@subsection@maxnumwidth=\skip57
Class scrbook Info: using compatibility default `runin=bysign'
(scrbook)           for `\subsection on input line 6020.
Class scrbook Info: using compatibility default `afterindent=bysign'
(scrbook)           for `\subsection on input line 6020.
\scr@dte@subsubsection@maxnumwidth=\skip58
Class scrbook Info: using compatibility default `runin=bysign'
(scrbook)           for `\subsubsection on input line 6030.
Class scrbook Info: using compatibility default `afterindent=bysign'
(scrbook)           for `\subsubsection on input line 6030.
\scr@dte@paragraph@maxnumwidth=\skip59
Class scrbook Info: using compatibility default `runin=bysign'
(scrbook)           for `\paragraph on input line 6041.
Class scrbook Info: using compatibility default `afterindent=bysign'
(scrbook)           for `\paragraph on input line 6041.
\scr@dte@subparagraph@maxnumwidth=\skip60
Class scrbook Info: using compatibility default `runin=bysign'
(scrbook)           for `\subparagraph on input line 6051.
Class scrbook Info: using compatibility default `afterindent=bysign'
(scrbook)           for `\subparagraph on input line 6051.
\abovecaptionskip=\skip61
\belowcaptionskip=\skip62
\c@pti@nb@sid@b@x=\box52
Package tocbasic Info: omitting babel extension for `lof'
(tocbasic)             because of feature `nobabel' available
(tocbasic)             for `lof' on input line 7242.
\scr@dte@figure@maxnumwidth=\skip63
\c@figure=\count196
Package tocbasic Info: omitting babel extension for `lot'
(tocbasic)             because of feature `nobabel' available
(tocbasic)             for `lot' on input line 7259.
\scr@dte@table@maxnumwidth=\skip64
\c@table=\count197
Class scrbook Info: Redefining `\numberline' on input line 7430.
\bibindent=\dimen140
)
(/usr/local/texlive/2024basic/texmf-dist/tex/generic/babel/babel.sty
Package: babel 2024/04/20 v24.4 The Babel package
\babel@savecnt=\count198
\U@D=\dimen141
\l@unhyphenated=\language25

(/usr/local/texlive/2024basic/texmf-dist/tex/generic/babel/txtbabel.def)
\bbl@readstream=\read2
\bbl@dirlevel=\count199

(/usr/local/texlive/2024basic/texmf-dist/tex/generic/babel-spanish/spanish.ldf
Language: spanish.ldf 2021/05/27 v5.0q Spanish support from the babel system
\es@quottoks=\toks18
\es@quotdepth=\count266
Package babel Info: Making " an active character on input line 570.
Package babel Info: Making . an active character on input line 675.
Package babel Info: Making < an active character on input line 722.
Package babel Info: Making > an active character on input line 722.
))
(/usr/local/texlive/2024basic/texmf-dist/tex/generic/babel/locale/es/babel-span
ish.tex
Package babel Info: Importing font and identification data for spanish
(babel)             from babel-es.ini. Reported on input line 11.
) (/usr/local/texlive/2024basic/texmf-dist/tex/latex/base/fontenc.sty
Package: fontenc 2021/04/29 v2.0v Standard LaTeX package
)
(/usr/local/texlive/2024basic/texmf-dist/tex/latex/base/inputenc.sty
Package: inputenc 2021/02/14 v1.3d Input encoding file
\inpenc@prehook=\toks19
\inpenc@posthook=\toks20
)
(/usr/local/texlive/2024basic/texmf-dist/tex/latex/lm/lmodern.sty
Package: lmodern 2015/05/01 v1.6.1 Latin Modern Fonts
LaTeX Font Info:    Overwriting symbol font `operators' in version `normal'
(Font)                  OT1/cmr/m/n --> OT1/lmr/m/n on input line 22.
LaTeX Font Info:    Overwriting symbol font `letters' in version `normal'
(Font)                  OML/cmm/m/it --> OML/lmm/m/it on input line 23.
LaTeX Font Info:    Overwriting symbol font `symbols' in version `normal'
(Font)                  OMS/cmsy/m/n --> OMS/lmsy/m/n on input line 24.
LaTeX Font Info:    Overwriting symbol font `largesymbols' in version `normal'
(Font)                  OMX/cmex/m/n --> OMX/lmex/m/n on input line 25.
LaTeX Font Info:    Overwriting symbol font `operators' in version `bold'
(Font)                  OT1/cmr/bx/n --> OT1/lmr/bx/n on input line 26.
LaTeX Font Info:    Overwriting symbol font `letters' in version `bold'
(Font)                  OML/cmm/b/it --> OML/lmm/b/it on input line 27.
LaTeX Font Info:    Overwriting symbol font `symbols' in version `bold'
(Font)                  OMS/cmsy/b/n --> OMS/lmsy/b/n on input line 28.
LaTeX Font Info:    Overwriting symbol font `largesymbols' in version `bold'
(Font)                  OMX/cmex/m/n --> OMX/lmex/m/n on input line 29.
LaTeX Font Info:    Overwriting math alphabet `\mathbf' in version `normal'
(Font)                  OT1/cmr/bx/n --> OT1/lmr/bx/n on input line 31.
LaTeX Font Info:    Overwriting math alphabet `\mathsf' in version `normal'
(Font)                  OT1/cmss/m/n --> OT1/lmss/m/n on input line 32.
LaTeX Font Info:    Overwriting math alphabet `\mathit' in version `normal'
(Font)                  OT1/cmr/m/it --> OT1/lmr/m/it on input line 33.
LaTeX Font Info:    Overwriting math alphabet `\mathtt' in version `normal'
(Font)                  OT1/cmtt/m/n --> OT1/lmtt/m/n on input line 34.
LaTeX Font Info:    Overwriting math alphabet `\mathbf' in version `bold'
(Font)                  OT1/cmr/bx/n --> OT1/lmr/bx/n on input line 35.
LaTeX Font Info:    Overwriting math alphabet `\mathsf' in version `bold'
(Font)                  OT1/cmss/bx/n --> OT1/lmss/bx/n on input line 36.
LaTeX Font Info:    Overwriting math alphabet `\mathit' in version `bold'
(Font)                  OT1/cmr/bx/it --> OT1/lmr/bx/it on input line 37.
LaTeX Font Info:    Overwriting math alphabet `\mathtt' in version `bold'
(Font)                  OT1/cmtt/m/n --> OT1/lmtt/m/n on input line 38.
)
(/usr/local/texlive/2024basic/texmf-dist/tex/latex/biblatex/biblatex.sty
Package: biblatex 2024/03/21 v3.20 programmable bibliographies (PK/MW)

(/usr/local/texlive/2024basic/texmf-dist/tex/generic/pdftexcmds/pdftexcmds.sty
Package: pdftexcmds 2020-06-27 v0.33 Utility functions of pdfTeX for LuaTeX (HO
)

(/usr/local/texlive/2024basic/texmf-dist/tex/generic/infwarerr/infwarerr.sty
Package: infwarerr 2019/12/03 v1.5 Providing info/warning/error messages (HO)
)
(/usr/local/texlive/2024basic/texmf-dist/tex/generic/iftex/iftex.sty
Package: iftex 2022/02/03 v1.0f TeX engine tests
)
(/usr/local/texlive/2024basic/texmf-dist/tex/generic/ltxcmds/ltxcmds.sty
Package: ltxcmds 2023-12-04 v1.26 LaTeX kernel commands for general use (HO)
)
Package pdftexcmds Info: \pdf@primitive is available.
Package pdftexcmds Info: \pdf@ifprimitive is available.
Package pdftexcmds Info: \pdfdraftmode found.
)
(/usr/local/texlive/2024basic/texmf-dist/tex/latex/etoolbox/etoolbox.sty
Package: etoolbox 2020/10/05 v2.5k e-TeX tools for LaTeX (JAW)
\etb@tempcnta=\count267
)
(/usr/local/texlive/2024basic/texmf-dist/tex/latex/kvoptions/kvoptions.sty
Package: kvoptions 2022-06-15 v3.15 Key value format for package options (HO)

(/usr/local/texlive/2024basic/texmf-dist/tex/latex/kvsetkeys/kvsetkeys.sty
Package: kvsetkeys 2022-10-05 v1.19 Key value parser (HO)
))
(/usr/local/texlive/2024basic/texmf-dist/tex/latex/logreq/logreq.sty
Package: logreq 2010/08/04 v1.0 xml request logger
\lrq@indent=\count268

(/usr/local/texlive/2024basic/texmf-dist/tex/latex/logreq/logreq.def
File: logreq.def 2010/08/04 v1.0 logreq spec v1.0
))
(/usr/local/texlive/2024basic/texmf-dist/tex/latex/base/ifthen.sty
Package: ifthen 2022/04/13 v1.1d Standard LaTeX ifthen package (DPC)
)
(/usr/local/texlive/2024basic/texmf-dist/tex/latex/url/url.sty
\Urlmuskip=\muskip16
Package: url 2013/09/16  ver 3.4  Verb mode for urls, etc.
)
\c@tabx@nest=\count269
\c@listtotal=\count270
\c@listcount=\count271
\c@liststart=\count272
\c@liststop=\count273
\c@citecount=\count274
\c@citetotal=\count275
\c@multicitecount=\count276
\c@multicitetotal=\count277
\c@instcount=\count278
\c@maxnames=\count279
\c@minnames=\count280
\c@maxitems=\count281
\c@minitems=\count282
\c@citecounter=\count283
\c@maxcitecounter=\count284
\c@savedcitecounter=\count285
\c@uniquelist=\count286
\c@uniquename=\count287
\c@refsection=\count288
\c@refsegment=\count289
\c@maxextratitle=\count290
\c@maxextratitleyear=\count291
\c@maxextraname=\count292
\c@maxextradate=\count293
\c@maxextraalpha=\count294
\c@abbrvpenalty=\count295
\c@highnamepenalty=\count296
\c@lownamepenalty=\count297
\c@maxparens=\count298
\c@parenlevel=\count299
\blx@tempcnta=\count300
\blx@tempcntb=\count301
\blx@tempcntc=\count302
\c@blx@maxsection=\count303
\blx@maxsegment@0=\count304
\blx@notetype=\count305
\blx@parenlevel@text=\count306
\blx@parenlevel@foot=\count307
\blx@sectionciteorder@0=\count308
\blx@sectionciteorderinternal@0=\count309
\blx@entrysetcounter=\count310
\blx@biblioinstance=\count311
\labelnumberwidth=\skip65
\labelalphawidth=\skip66
\biblabelsep=\skip67
\bibitemsep=\skip68
\bibnamesep=\skip69
\bibinitsep=\skip70
\bibparsep=\skip71
\bibhang=\skip72
\blx@bcfin=\read3
\blx@bcfout=\write3
\blx@langwohyphens=\language26
\c@mincomprange=\count312
\c@maxcomprange=\count313
\c@mincompwidth=\count314
Package biblatex Info: Trying to load biblatex default data model...
Package biblatex Info: ... file 'blx-dm.def' found.

(/usr/local/texlive/2024basic/texmf-dist/tex/latex/biblatex/blx-dm.def
File: blx-dm.def 2024/03/21 v3.20 biblatex datamodel (PK/MW)
)
Package biblatex Info: Trying to load biblatex style data model...
Package biblatex Info: ... file 'numeric.dbx' not found.
Package biblatex Info: Trying to load biblatex custom data model...
Package biblatex Info: ... file 'biblatex-dm.cfg' not found.
\c@afterword=\count315
\c@savedafterword=\count316
\c@annotator=\count317
\c@savedannotator=\count318
\c@author=\count319
\c@savedauthor=\count320
\c@bookauthor=\count321
\c@savedbookauthor=\count322
\c@commentator=\count323
\c@savedcommentator=\count324
\c@editor=\count325
\c@savededitor=\count326
\c@editora=\count327
\c@savededitora=\count328
\c@editorb=\count329
\c@savededitorb=\count330
\c@editorc=\count331
\c@savededitorc=\count332
\c@foreword=\count333
\c@savedforeword=\count334
\c@holder=\count335
\c@savedholder=\count336
\c@introduction=\count337
\c@savedintroduction=\count338
\c@namea=\count339
\c@savednamea=\count340
\c@nameb=\count341
\c@savednameb=\count342
\c@namec=\count343
\c@savednamec=\count344
\c@translator=\count345
\c@savedtranslator=\count346
\c@shortauthor=\count347
\c@savedshortauthor=\count348
\c@shorteditor=\count349
\c@savedshorteditor=\count350
\c@labelname=\count351
\c@savedlabelname=\count352
\c@institution=\count353
\c@savedinstitution=\count354
\c@lista=\count355
\c@savedlista=\count356
\c@listb=\count357
\c@savedlistb=\count358
\c@listc=\count359
\c@savedlistc=\count360
\c@listd=\count361
\c@savedlistd=\count362
\c@liste=\count363
\c@savedliste=\count364
\c@listf=\count365
\c@savedlistf=\count366
\c@location=\count367
\c@savedlocation=\count368
\c@organization=\count369
\c@savedorganization=\count370
\c@origlocation=\count371
\c@savedoriglocation=\count372
\c@origpublisher=\count373
\c@savedorigpublisher=\count374
\c@publisher=\count375
\c@savedpublisher=\count376
\c@language=\count377
\c@savedlanguage=\count378
\c@origlanguage=\count379
\c@savedoriglanguage=\count380
\c@pageref=\count381
\c@savedpageref=\count382
\shorthandwidth=\skip73
\shortjournalwidth=\skip74
\shortserieswidth=\skip75
\shorttitlewidth=\skip76
\shortauthorwidth=\skip77
\shorteditorwidth=\skip78
\locallabelnumberwidth=\skip79
\locallabelalphawidth=\skip80
\localshorthandwidth=\skip81
\localshortjournalwidth=\skip82
\localshortserieswidth=\skip83
\localshorttitlewidth=\skip84
\localshortauthorwidth=\skip85
\localshorteditorwidth=\skip86
Package biblatex Info: Trying to load compatibility code...
Package biblatex Info: ... file 'blx-compat.def' found.

(/usr/local/texlive/2024basic/texmf-dist/tex/latex/biblatex/blx-compat.def
File: blx-compat.def 2024/03/21 v3.20 biblatex compatibility (PK/MW)
)
Package biblatex Info: Trying to load generic definitions...
Package biblatex Info: ... file 'biblatex.def' found.

(/usr/local/texlive/2024basic/texmf-dist/tex/latex/biblatex/biblatex.def
File: biblatex.def 2024/03/21 v3.20 biblatex compatibility (PK/MW)
\c@textcitecount=\count383
\c@textcitetotal=\count384
\c@textcitemaxnames=\count385
\c@biburlbigbreakpenalty=\count386
\c@biburlbreakpenalty=\count387
\c@biburlnumpenalty=\count388
\c@biburlucpenalty=\count389
\c@biburllcpenalty=\count390
\biburlbigskip=\muskip17
\biburlnumskip=\muskip18
\biburlucskip=\muskip19
\biburllcskip=\muskip20
\c@smartand=\count391
)
Package biblatex Info: Trying to load bibliography style 'numeric'...
Package biblatex Info: ... file 'numeric.bbx' found.

(/usr/local/texlive/2024basic/texmf-dist/tex/latex/biblatex/bbx/numeric.bbx
File: numeric.bbx 2024/03/21 v3.20 biblatex bibliography style (PK/MW)
Package biblatex Info: Trying to load bibliography style 'standard'...
Package biblatex Info: ... file 'standard.bbx' found.

(/usr/local/texlive/2024basic/texmf-dist/tex/latex/biblatex/bbx/standard.bbx
File: standard.bbx 2024/03/21 v3.20 biblatex bibliography style (PK/MW)
\c@bbx:relatedcount=\count392
\c@bbx:relatedtotal=\count393
))
Package biblatex Info: Trying to load citation style 'numeric'...
Package biblatex Info: ... file 'numeric.cbx' found.

(/usr/local/texlive/2024basic/texmf-dist/tex/latex/biblatex/cbx/numeric.cbx
File: numeric.cbx 2024/03/21 v3.20 biblatex citation style (PK/MW)
Package biblatex Info: Redefining '\cite'.
Package biblatex Info: Redefining '\parencite'.
Package biblatex Info: Redefining '\footcite'.
Package biblatex Info: Redefining '\footcitetext'.
Package biblatex Info: Redefining '\smartcite'.
Package biblatex Info: Redefining '\supercite'.
Package biblatex Info: Redefining '\textcite'.
Package biblatex Info: Redefining '\textcites'.
Package biblatex Info: Redefining '\cites'.
Package biblatex Info: Redefining '\parencites'.
Package biblatex Info: Redefining '\smartcites'.
)
Package biblatex Info: Trying to load configuration file...
Package biblatex Info: ... file 'biblatex.cfg' found.

(/usr/local/texlive/2024basic/texmf-dist/tex/latex/biblatex/biblatex.cfg
File: biblatex.cfg 
)
Package biblatex Info: Input encoding 'utf8' detected.
Package biblatex Info: Document encoding is UTF8 ....

(/usr/local/texlive/2024basic/texmf-dist/tex/latex/l3kernel/expl3.sty
Package: expl3 2024-03-14 L3 programming layer (loader) 

(/usr/local/texlive/2024basic/texmf-dist/tex/latex/l3backend/l3backend-pdftex.d
ef
File: l3backend-pdftex.def 2024-03-14 L3 backend support: PDF output (pdfTeX)
\l__color_backend_stack_int=\count394
\l__pdf_internal_box=\box53
))
Package biblatex Info: ... and expl3
(biblatex)             2024-03-14 L3 programming layer (loader) 
(biblatex)             is new enough (at least 2020/04/06),
(biblatex)             setting 'casechanger=expl3'.

(/usr/local/texlive/2024basic/texmf-dist/tex/latex/biblatex/blx-case-expl3.sty
(/usr/local/texlive/2024basic/texmf-dist/tex/latex/l3packages/xparse/xparse.sty
Package: xparse 2024-03-14 L3 Experimental document command parser
)
Package: blx-case-expl3 2024/03/21 v3.20 expl3 case changing code for biblatex
)) (/usr/local/texlive/2024basic/texmf-dist/tex/latex/csquotes/csquotes.sty
Package: csquotes 2024-04-04 v5.2o context-sensitive quotations (JAW)
\csq@reset=\count395
\csq@gtype=\count396
\csq@glevel=\count397
\csq@qlevel=\count398
\csq@maxlvl=\count399
\csq@tshold=\count400
\csq@ltx@everypar=\toks21

(/usr/local/texlive/2024basic/texmf-dist/tex/latex/csquotes/csquotes.def
File: csquotes.def 2024-04-04 v5.2o csquotes generic definitions (JAW)
)
Package csquotes Info: Trying to load configuration file 'csquotes.cfg'...
Package csquotes Info: ... configuration file loaded successfully.

(/usr/local/texlive/2024basic/texmf-dist/tex/latex/csquotes/csquotes.cfg
File: csquotes.cfg 
))
(/usr/local/texlive/2024basic/texmf-dist/tex/latex/fontawesome5/fontawesome5.st
y
Package: fontawesome5 2022/05/02 v5.15.4 Font Awesome 5

(/usr/local/texlive/2024basic/texmf-dist/tex/latex/l3packages/l3keys2e/l3keys2e
.sty
Package: l3keys2e 2024-03-14 LaTeX2e option processing using LaTeX3 keys
)
(/usr/local/texlive/2024basic/texmf-dist/tex/latex/fontawesome5/fontawesome5-ge
neric-helper.sty
Package: fontawesome5-generic-helper 2022/05/02 v5.15.4 non-uTeX helper for fon
tawesome5

(/usr/local/texlive/2024basic/texmf-dist/tex/latex/fontawesome5/fontawesome5-ma
pping.def)))
(/usr/local/texlive/2024basic/texmf-dist/tex/latex/graphics/graphicx.sty
Package: graphicx 2021/09/16 v1.2d Enhanced LaTeX Graphics (DPC,SPQR)

(/usr/local/texlive/2024basic/texmf-dist/tex/latex/graphics/graphics.sty
Package: graphics 2022/03/10 v1.4e Standard LaTeX Graphics (DPC,SPQR)

(/usr/local/texlive/2024basic/texmf-dist/tex/latex/graphics/trig.sty
Package: trig 2021/08/11 v1.11 sin cos tan (DPC)
)
(/usr/local/texlive/2024basic/texmf-dist/tex/latex/graphics-cfg/graphics.cfg
File: graphics.cfg 2016/06/04 v1.11 sample graphics configuration
)
Package graphics Info: Driver file: pdftex.def on input line 107.

(/usr/local/texlive/2024basic/texmf-dist/tex/latex/graphics-def/pdftex.def
File: pdftex.def 2024/04/13 v1.2c Graphics/color driver for pdftex
))
\Gin@req@height=\dimen142
\Gin@req@width=\dimen143
)
(/usr/local/texlive/2024basic/texmf-dist/tex/latex/wrapfig/wrapfig.sty
\wrapoverhang=\dimen144
\WF@size=\dimen145
\c@WF@wrappedlines=\count401
\WF@box=\box54
\WF@everypar=\toks22
Package: wrapfig 2003/01/31  v 3.6
)
Package csquotes Info: Checking for multilingual support...
Package csquotes Info: ... found 'babel' package.
Package csquotes Info: Adjusting default style.
Package csquotes Info: Redefining alias 'default' -> 'spanish'.
LaTeX Font Info:    Trying to load font information for T1+lmr on input line 22
.

(/usr/local/texlive/2024basic/texmf-dist/tex/latex/lm/t1lmr.fd
File: t1lmr.fd 2015/05/01 v1.6.1 Font defs for Latin Modern
) (./encares.aux
LaTeX Info: Redefining \. on input line 10.
LaTeX Info: Redefining \% on input line 10.

(./Intro.aux) (./F00.aux) (./F05.aux) (./F10.aux) (./F11.aux) (./F20.aux)
(./F22a.aux) (./F22b.aux) (./F23.aux) (./F30.aux) (./F31.aux) (./F32.aux)
(./F40.aux) (./F40a.aux) (./F41a.aux) (./F41b.aux) (./F42.aux) (./F43.aux)
(./F44.aux) (./F45.aux) (./F48.aux) (./F50.aux) (./F51.aux) (./F60.aux)
(./F63.aux) (./F68.aux) (./F70.aux) (./F84.aux) (./F90.aux) (./F93.aux)
(./F98.aux) (./IAE.aux) (./Estupor.aux) (./snm.aux) (./Fragmentos.aux)
(./Abreviaturas.aux))
\openout1 = `encares.aux'.

LaTeX Font Info:    Checking defaults for OML/cmm/m/it on input line 22.
LaTeX Font Info:    ... okay on input line 22.
LaTeX Font Info:    Checking defaults for OMS/cmsy/m/n on input line 22.
LaTeX Font Info:    ... okay on input line 22.
LaTeX Font Info:    Checking defaults for OT1/cmr/m/n on input line 22.
LaTeX Font Info:    ... okay on input line 22.
LaTeX Font Info:    Checking defaults for T1/cmr/m/n on input line 22.
LaTeX Font Info:    ... okay on input line 22.
LaTeX Font Info:    Checking defaults for TS1/cmr/m/n on input line 22.
LaTeX Font Info:    ... okay on input line 22.
LaTeX Font Info:    Checking defaults for OMX/cmex/m/n on input line 22.
LaTeX Font Info:    ... okay on input line 22.
LaTeX Font Info:    Checking defaults for U/cmr/m/n on input line 22.
LaTeX Font Info:    ... okay on input line 22.
LaTeX Info: Redefining \. on input line 22.
LaTeX Info: Redefining \% on input line 22.
Package biblatex Info: Trying to load language 'spanish'...
Package biblatex Info: ... file 'spanish.lbx' found.

(/usr/local/texlive/2024basic/texmf-dist/tex/latex/biblatex/lbx/spanish.lbx
File: spanish.lbx 2024/03/21 v3.20 biblatex localization (PK/MW)
)
Package biblatex Info: Input encoding 'utf8' detected.
Package biblatex Info: Automatic encoding selection.
(biblatex)             Assuming data encoding 'utf8'.
\openout3 = `encares.bcf'.

Package biblatex Info: Trying to load bibliographic data...
Package biblatex Info: ... file 'encares.bbl' not found.

No file encares.bbl.
Package biblatex Info: Reference section=0 on input line 22.
Package biblatex Info: Reference segment=0 on input line 22.
(/usr/local/texlive/2024basic/texmf-dist/tex/context/base/mkii/supp-pdf.mkii
[Loading MPS to PDF converter (version 2006.09.02).]
\scratchcounter=\count402
\scratchdimen=\dimen146
\scratchbox=\box55
\nofMPsegments=\count403
\nofMParguments=\count404
\everyMPshowfont=\toks23
\MPscratchCnt=\count405
\MPscratchDim=\dimen147
\MPnumerator=\count406
\makeMPintoPDFobject=\count407
\everyMPtoPDFconversion=\toks24
)
(/usr/local/texlive/2024basic/texmf-dist/tex/latex/epstopdf-pkg/epstopdf-base.s
ty
Package: epstopdf-base 2020-01-24 v2.11 Base part for package epstopdf
Package epstopdf-base Info: Redefining graphics rule for `.eps' on input line 4
85.

(/usr/local/texlive/2024basic/texmf-dist/tex/latex/latexconfig/epstopdf-sys.cfg
File: epstopdf-sys.cfg 2010/07/13 v1.3 Configuration of (r)epstopdf for TeX Liv
e
))
LaTeX Font Info:    Trying to load font information for T1+lmss on input line 2
4.
 (/usr/local/texlive/2024basic/texmf-dist/tex/latex/lm/t1lmss.fd
File: t1lmss.fd 2015/05/01 v1.6.1 Font defs for Latin Modern
)
LaTeX Font Info:    Trying to load font information for OT1+lmr on input line 2
4.

(/usr/local/texlive/2024basic/texmf-dist/tex/latex/lm/ot1lmr.fd
File: ot1lmr.fd 2015/05/01 v1.6.1 Font defs for Latin Modern
)
LaTeX Font Info:    Trying to load font information for OML+lmm on input line 2
4.

(/usr/local/texlive/2024basic/texmf-dist/tex/latex/lm/omllmm.fd
File: omllmm.fd 2015/05/01 v1.6.1 Font defs for Latin Modern
)
LaTeX Font Info:    Trying to load font information for OMS+lmsy on input line 
24.

(/usr/local/texlive/2024basic/texmf-dist/tex/latex/lm/omslmsy.fd
File: omslmsy.fd 2015/05/01 v1.6.1 Font defs for Latin Modern
)
LaTeX Font Info:    Trying to load font information for OMX+lmex on input line 
24.

(/usr/local/texlive/2024basic/texmf-dist/tex/latex/lm/omxlmex.fd
File: omxlmex.fd 2015/05/01 v1.6.1 Font defs for Latin Modern
)
LaTeX Font Info:    External font `lmex10' loaded for size
(Font)              <14.4> on input line 24.
LaTeX Font Info:    External font `lmex10' loaded for size
(Font)              <10> on input line 24.
LaTeX Font Info:    External font `lmex10' loaded for size
(Font)              <7> on input line 24.
 [1



{/usr/local/texlive/2024basic/texmf-var/fonts/map/pdftex/updmap/pdftex.map}{/us
r/local/texlive/2024basic/texmf-dist/fonts/enc/dvips/lm/lm-ec.enc}] [2


]
\blx@maxsegment@1=\count408
\blx@sectionciteorder@1=\count409
Package biblatex Info: Reference section=1 on input line 24.
Package biblatex Info: Setting label 'refsection:1' on input line 24.
 (./encares.toc
LaTeX Info: Redefining \sptext on input line 1.
LaTeX Info: Redefining \. on input line 1.
LaTeX Info: Redefining \% on input line 1.
Package tocbasic Info: Using my definition of `\numberline' on input line 2.
Package tocbasic Info: Using my definition of `\numberline' on input line 3.
Package tocbasic Info: Using my definition of `\numberline' on input line 4.
Package tocbasic Info: Using my definition of `\numberline' on input line 5.
Package tocbasic Info: Using my definition of `\numberline' on input line 14.
Package tocbasic Info: Using my definition of `\numberline' on input line 24.
Package tocbasic Info: Using my definition of `\numberline' on input line 25.
Package tocbasic Info: Using my definition of `\numberline' on input line 30.
Package tocbasic Info: Using my definition of `\numberline' on input line 34.
Package tocbasic Info: Using my definition of `\numberline' on input line 35.
Package tocbasic Info: Using my definition of `\numberline' on input line 42.
Package tocbasic Info: Using my definition of `\numberline' on input line 44.
Package tocbasic Info: Using my definition of `\numberline' on input line 47.

Overfull \hbox (2.82745pt too wide) detected at line 47
 \T1/lmss/bx/n/12 109
 []

Package tocbasic Info: Using my definition of `\numberline' on input line 48.

Overfull \hbox (1.09496pt too wide) detected at line 48
 \T1/lmss/bx/n/10.95 111
 []

Package tocbasic Info: Using my definition of `\numberline' on input line 50.

Overfull \hbox (1.09496pt too wide) detected at line 50
 \T1/lmss/bx/n/10.95 127
 []

Package tocbasic Info: Using my definition of `\numberline' on input line 71.

Overfull \hbox (1.09496pt too wide) detected at line 71
 \T1/lmss/bx/n/10.95 145
 []

Package tocbasic Info: Using my definition of `\numberline' on input line 76.

Overfull \hbox (2.82745pt too wide) detected at line 76
 \T1/lmss/bx/n/12 161
 []

Package tocbasic Info: Using my definition of `\numberline' on input line 77.
LaTeX Font Info:    External font `lmex10' loaded for size
(Font)              <10.95> on input line 77.
LaTeX Font Info:    External font `lmex10' loaded for size
(Font)              <8> on input line 77.
LaTeX Font Info:    External font `lmex10' loaded for size
(Font)              <6> on input line 77.
Package tocbasic Info: Using my definition of `\numberline' on input line 86.

Overfull \hbox (1.09496pt too wide) detected at line 86
 \T1/lmss/bx/n/10.95 189
 []

[3]
Package tocbasic Info: Using my definition of `\numberline' on input line 88.

Overfull \hbox (1.09496pt too wide) detected at line 88
 \T1/lmss/bx/n/10.95 191
 []

Package tocbasic Info: Using my definition of `\numberline' on input line 100.

Overfull \hbox (1.09496pt too wide) detected at line 100
 \T1/lmss/bx/n/10.95 201
 []

Package tocbasic Info: Using my definition of `\numberline' on input line 102.

Overfull \hbox (1.09496pt too wide) detected at line 102
 \T1/lmss/bx/n/10.95 203
 []

Package tocbasic Info: Using my definition of `\numberline' on input line 117.

Overfull \hbox (1.09496pt too wide) detected at line 117
 \T1/lmss/bx/n/10.95 213
 []

Package tocbasic Info: Using my definition of `\numberline' on input line 118.

Overfull \hbox (1.09496pt too wide) detected at line 118
 \T1/lmss/bx/n/10.95 215
 []

Package tocbasic Info: Using my definition of `\numberline' on input line 119.

Overfull \hbox (2.82745pt too wide) detected at line 119
 \T1/lmss/bx/n/12 217
 []

Package tocbasic Info: Using my definition of `\numberline' on input line 120.

Overfull \hbox (1.09496pt too wide) detected at line 120
 \T1/lmss/bx/n/10.95 219
 []

Package tocbasic Info: Using my definition of `\numberline' on input line 121.

Overfull \hbox (3.19928pt too wide) detected at line 121
\T1/lmss/bx/n/12 VIII. 
 []


Overfull \hbox (2.82745pt too wide) detected at line 121
 \T1/lmss/bx/n/12 225
 []

Package tocbasic Info: Using my definition of `\numberline' on input line 122.

Overfull \hbox (1.09496pt too wide) detected at line 122
 \T1/lmss/bx/n/10.95 227
 []

Package tocbasic Info: Using my definition of `\numberline' on input line 131.

Overfull \hbox (1.09496pt too wide) detected at line 131
 \T1/lmss/bx/n/10.95 233
 []

Package tocbasic Info: Using my definition of `\numberline' on input line 133.

Overfull \hbox (1.09496pt too wide) detected at line 133
 \T1/lmss/bx/n/10.95 235
 []

Package tocbasic Info: Using my definition of `\numberline' on input line 134.

Overfull \hbox (2.82745pt too wide) detected at line 134
 \T1/lmss/bx/n/12 237
 []

Package tocbasic Info: Using my definition of `\numberline' on input line 135.

Overfull \hbox (1.09496pt too wide) detected at line 135
 \T1/lmss/bx/n/10.95 239
 []

Package tocbasic Info: Using my definition of `\numberline' on input line 137.

Overfull \hbox (2.82745pt too wide) detected at line 137
 \T1/lmss/bx/n/12 245
 []

Package tocbasic Info: Using my definition of `\numberline' on input line 138.

Overfull \hbox (2.82745pt too wide) detected at line 138
 \T1/lmss/bx/n/12 249
 []

Package tocbasic Info: Using my definition of `\numberline' on input line 140.

Overfull \hbox (1.09496pt too wide) detected at line 140
 \T1/lmss/bx/n/10.95 255
 []

Package tocbasic Info: Using my definition of `\numberline' on input line 141.

Overfull \hbox (1.09496pt too wide) detected at line 141
 \T1/lmss/bx/n/10.95 257
 []

Package tocbasic Info: Using my definition of `\numberline' on input line 142.

Overfull \hbox (2.82745pt too wide) detected at line 142
 \T1/lmss/bx/n/12 259
 []

Package tocbasic Info: Using my definition of `\numberline' on input line 143.

Overfull \hbox (1.09496pt too wide) detected at line 143
 \T1/lmss/bx/n/10.95 265
 []

Package tocbasic Info: Using my definition of `\numberline' on input line 144.

Overfull \hbox (3.19928pt too wide) detected at line 144
\T1/lmss/bx/n/12 XIII. 
 []


Overfull \hbox (2.82745pt too wide) detected at line 144
 \T1/lmss/bx/n/12 269
 []

)
\tf@toc=\write4
\openout4 = `encares.toc'.

LaTeX Info: Redefining \. on input line 25.
LaTeX Info: Redefining \% on input line 25.
 [4]
LaTeX Info: Redefining \. on input line 25.
LaTeX Info: Redefining \% on input line 25.
 [5] [6


]
part I.
Package scrkbase Info: You've told me to use the font selection of the element
(scrkbase)             `partprefix' that is an alias of element `partnumber'
(scrkbase)              on input line 25.
[7] [8]
\openout2 = `Intro.aux'.

 (./Intro.tex
chapter 1.
Package biblatex Info: Reference section=0 on input line 1.
\blx@maxsegment@2=\count410
\blx@sectionciteorder@2=\count411
Package biblatex Info: Reference section=2 on input line 1.
Package biblatex Info: Setting label 'refsection:2' on input line 1.
LaTeX Font Info:    External font `lmex10' loaded for size
(Font)              <9> on input line 4.
LaTeX Font Info:    External font `lmex10' loaded for size
(Font)              <5> on input line 4.

! Package pdftex.def Error: Options `bblly', `bblly', `bburx', `bbury',
(pdftex.def)                `natheight' and `natwidth' are not
(pdftex.def)                supported by pdftex driver:
(pdftex.def)                use `viewport' instead.

See the pdftex.def package documentation for explanation.
Type  H <return>  for immediate help.
 ...                                              
                                                  
l.8 ...cs[natwidth=100,natheight=75]{copyleft.png}
                                                  
Try typing  <return>  to proceed.
If that doesn't work, type  X <return>  to quit.


! Package pdftex.def Error: Options `bblly', `bblly', `bburx', `bbury',
(pdftex.def)                `natheight' and `natwidth' are not
(pdftex.def)                supported by pdftex driver:
(pdftex.def)                use `viewport' instead.

See the pdftex.def package documentation for explanation.
Type  H <return>  for immediate help.
 ...                                              
                                                  
l.8 ...cs[natwidth=100,natheight=75]{copyleft.png}
                                                  
Try typing  <return>  to proceed.
If that doesn't work, type  X <return>  to quit.

<copyleft.png, id=32, 100.375pt x 75.28125pt>
File: copyleft.png Graphic file (type png)
<use copyleft.png>
Package pdftex.def Info: copyleft.png  used on input line 8.
(pdftex.def)             Requested size: 100.37474pt x 75.28105pt.
LaTeX Font Info:    Trying to load font information for U+fontawesomefree0 on i
nput line 17.

(/usr/local/texlive/2024basic/texmf-dist/tex/latex/fontawesome5/ufontawesomefre
e0.fd) [9



{/usr/local/texlive/2024basic/texmf-dist/fonts/enc/dvips/fontawesome5/fa5free0.
enc} <./copyleft.png>]

! Package pdftex.def Error: Options `bblly', `bblly', `bburx', `bbury',
(pdftex.def)                `natheight' and `natwidth' are not
(pdftex.def)                supported by pdftex driver:
(pdftex.def)                use `viewport' instead.

See the pdftex.def package documentation for explanation.
Type  H <return>  for immediate help.
 ...                                              
                                                  
l.36 ...graphics[natwidth=88,natheight=31]{cc.png}
                                                  
Try typing  <return>  to proceed.
If that doesn't work, type  X <return>  to quit.


! Package pdftex.def Error: Options `bblly', `bblly', `bburx', `bbury',
(pdftex.def)                `natheight' and `natwidth' are not
(pdftex.def)                supported by pdftex driver:
(pdftex.def)                use `viewport' instead.

See the pdftex.def package documentation for explanation.
Type  H <return>  for immediate help.
 ...                                              
                                                  
l.36 ...graphics[natwidth=88,natheight=31]{cc.png}
                                                  
Try typing  <return>  to proceed.
If that doesn't work, type  X <return>  to quit.

<cc.png, id=42, 88.33pt x 31.11626pt>
File: cc.png Graphic file (type png)
<use cc.png>
Package pdftex.def Info: cc.png  used on input line 36.
(pdftex.def)             Requested size: 88.32977pt x 31.11617pt.

Underfull \hbox (badness 10000) in paragraph at lines 33--37
\T1/lmr/m/n/10.95 In-ter-na-cio-nal [] .
 []

LaTeX Info: Redefining \. on input line 47.
LaTeX Info: Redefining \% on input line 47.
[10 <./cc.png>]

LaTeX Warning: Citation 'sadock2015kaplan' on page 11 undefined on input line 6
6.


Overfull \hbox (21.87471pt too wide) in paragraph at lines 66--67
\T1/lmr/m/n/10.95 los más usa-dos en es-te tex-to es el com-pen-dio de Ka-plan 
& Sa-dock [[]]. 
 []


LaTeX Warning: Citation 'ey1996' on page 11 undefined on input line 67.


LaTeX Warning: Citation 'dsmiv1998' on page 11 undefined on input line 68.


LaTeX Warning: Citation 'cie102000' on page 11 undefined on input line 68.

[11]

LaTeX Warning: Citation 'stahl2021stahl' on page 12 undefined on input line 69.



Overfull \hbox (40.8549pt too wide) in paragraph at lines 69--70
[]\T1/lmr/m/n/10.95 Un tex-to so-bre psi-co-far-ma-co-lo-gía. Uno de los más po
-pu-la-res es el de Stahl [[]]. 
 []


LaTeX Warning: Citation 'procyshyn2023clinical' on page 12 undefined on input l
ine 74.


LaTeX Warning: Empty bibliography on input line 76.

)
LaTeX Info: Redefining \. on input line 26.
LaTeX Info: Redefining \% on input line 26.
 [12]
part II.
Package scrkbase Info: You've told me to use the font selection of the element
(scrkbase)             `partprefix' that is an alias of element `partnumber'
(scrkbase)              on input line 27.
[13




] [14]
\openout2 = `F00.aux'.

 (./F00.tex
chapter 2.
Package biblatex Info: Reference section=0 on input line 1.
\blx@maxsegment@3=\count412
\blx@sectionciteorder@3=\count413
Package biblatex Info: Reference section=3 on input line 1.
Package biblatex Info: Setting label 'refsection:3' on input line 1.
LaTeX Font Info:    Trying to load font information for TS1+lmr on input line 6
.
(/usr/local/texlive/2024basic/texmf-dist/tex/latex/lm/ts1lmr.fd
File: ts1lmr.fd 2015/05/01 v1.6.1 Font defs for Latin Modern
) [15



{/usr/local/texlive/2024basic/texmf-dist/fonts/enc/dvips/lm/lm-ts1.enc}]
LaTeX Info: Redefining \. on input line 49.
LaTeX Info: Redefining \% on input line 49.
 [16{/usr/local/texlive/2024basic/texmf-dist/fonts/enc/dvips/lm/lm-mathsy.enc}]


LaTeX Warning: Citation 'craig2022prevalence' on page 17 undefined on input lin
e 86.

[17]
LaTeX Info: Redefining \. on input line 125.
LaTeX Info: Redefining \% on input line 125.
 [18] [19]
LaTeX Info: Redefining \. on input line 201.
LaTeX Info: Redefining \% on input line 201.
 [20] [21]
LaTeX Info: Redefining \. on input line 242.
LaTeX Info: Redefining \% on input line 242.
 [22] [23]
LaTeX Info: Redefining \. on input line 294.
LaTeX Info: Redefining \% on input line 294.
 [24] [25]
LaTeX Info: Redefining \. on input line 326.
LaTeX Info: Redefining \% on input line 326.
 [26] [27]
LaTeX Info: Redefining \. on input line 369.
LaTeX Info: Redefining \% on input line 369.
 [28] [29])

LaTeX Warning: Empty bibliography on input line 416.

LaTeX Info: Redefining \. on input line 28.
LaTeX Info: Redefining \% on input line 28.
[30]
\openout2 = `F05.aux'.

 (./F05.tex
chapter 3.
Package biblatex Info: Reference section=0 on input line 1.
\blx@maxsegment@4=\count414
\blx@sectionciteorder@4=\count415
Package biblatex Info: Reference section=4 on input line 1.
Package biblatex Info: Setting label 'refsection:4' on input line 1.

LaTeX Warning: Citation 'aldecoa2023update' on page 31 undefined on input line 
4.

[31





]
LaTeX Info: Redefining \. on input line 57.
LaTeX Info: Redefining \% on input line 57.
 [32] [33]
LaTeX Info: Redefining \. on input line 112.
LaTeX Info: Redefining \% on input line 112.
 [34] [35]
LaTeX Info: Redefining \. on input line 165.
LaTeX Info: Redefining \% on input line 165.
 [36] [37])

LaTeX Warning: Empty bibliography on input line 215.

LaTeX Info: Redefining \. on input line 29.
LaTeX Info: Redefining \% on input line 29.
[38]
part III.
Package scrkbase Info: You've told me to use the font selection of the element
(scrkbase)             `partprefix' that is an alias of element `partnumber'
(scrkbase)              on input line 30.
[39




] [40]
\openout2 = `F10.aux'.

 (./F10.tex
chapter 4.
Package biblatex Info: Reference section=0 on input line 1.
\blx@maxsegment@5=\count416
\blx@sectionciteorder@5=\count417
Package biblatex Info: Reference section=5 on input line 1.
Package biblatex Info: Setting label 'refsection:5' on input line 1.

LaTeX Warning: Citation 'cie102000' on page 41 undefined on input line 3.


LaTeX Warning: Citation 'ey1996' on page 41 undefined on input line 17.

[41



]
LaTeX Info: Redefining \. on input line 69.
LaTeX Info: Redefining \% on input line 69.
 [42]
Underfull \vbox (badness 10000) has occurred while \output is active []

 [43]
LaTeX Info: Redefining \. on input line 103.
LaTeX Info: Redefining \% on input line 103.

[44] [45]
LaTeX Info: Redefining \. on input line 141.
LaTeX Info: Redefining \% on input line 141.
 [46] [47]
LaTeX Info: Redefining \. on input line 245.
LaTeX Info: Redefining \% on input line 245.
 [48] [49]
LaTeX Info: Redefining \. on input line 288.
LaTeX Info: Redefining \% on input line 288.
 [50] [51]

LaTeX Warning: Empty bibliography on input line 331.

)
LaTeX Info: Redefining \. on input line 31.
LaTeX Info: Redefining \% on input line 31.
 [52]
\openout2 = `F11.aux'.

 (./F11.tex
chapter 5.
Package biblatex Info: Reference section=0 on input line 1.
\blx@maxsegment@6=\count418
\blx@sectionciteorder@6=\count419
Package biblatex Info: Reference section=6 on input line 1.
Package biblatex Info: Setting label 'refsection:6' on input line 1.
[53





]
Overfull \hbox (69.9921pt too wide) in paragraph at lines 41--46
\T1/lmr/m/n/10.95 Ad-dic-tion In-vol-ving Opioid Use. J Ad-dict Med. 2015;9(5):
358-367. doi:10.1097/ADM.0000000000000166
 []

LaTeX Info: Redefining \. on input line 64.
LaTeX Info: Redefining \% on input line 64.
[54] [55])
LaTeX Info: Redefining \. on input line 32.
LaTeX Info: Redefining \% on input line 32.
 [56] [57] [58




]
part IV.
Package scrkbase Info: You've told me to use the font selection of the element
(scrkbase)             `partprefix' that is an alias of element `partnumber'
(scrkbase)              on input line 33.
[59] [60]
\openout2 = `F20.aux'.

 (./F20.tex
chapter 6.
Package biblatex Info: Reference section=0 on input line 1.
\blx@maxsegment@7=\count420
\blx@sectionciteorder@7=\count421
Package biblatex Info: Reference section=7 on input line 1.
Package biblatex Info: Setting label 'refsection:7' on input line 1.
[61



]
LaTeX Info: Redefining \. on input line 41.
LaTeX Info: Redefining \% on input line 41.
 [62] [63]
LaTeX Info: Redefining \. on input line 79.
LaTeX Info: Redefining \% on input line 79.
 [64] [65]
LaTeX Font Info:    Trying to load font information for U+fontawesomefree2 on i
nput line 98.

(/usr/local/texlive/2024basic/texmf-dist/tex/latex/fontawesome5/ufontawesomefre
e2.fd)
LaTeX Info: Redefining \. on input line 118.
LaTeX Info: Redefining \% on input line 118.
 [66{/usr/local/texlive/2024basic/texmf-dist/fonts/enc/dvips/fontawesome5/fa5fr
ee2.enc}] [67]
LaTeX Info: Redefining \. on input line 172.
LaTeX Info: Redefining \% on input line 172.
 [68] [69]
LaTeX Info: Redefining \. on input line 234.
LaTeX Info: Redefining \% on input line 234.
 [70] [71]
LaTeX Info: Redefining \. on input line 341.
LaTeX Info: Redefining \% on input line 341.
 [72] [73]
LaTeX Info: Redefining \. on input line 384.
LaTeX Info: Redefining \% on input line 384.
 [74] [75]
Overfull \hbox (1.28174pt too wide) in paragraph at lines 454--455
[]\T1/lmr/m/n/10.95 Extravagancia: mues-tra li-be-ra-ción de pul-sio-nes (con-d
uc-tas ali-men-ta-rias, se-xua-les, etc.). 
 []

LaTeX Info: Redefining \. on input line 477.
LaTeX Info: Redefining \% on input line 477.
[76] [77]
LaTeX Info: Redefining \. on input line 546.
LaTeX Info: Redefining \% on input line 546.
 [78] [79]
LaTeX Info: Redefining \. on input line 653.
LaTeX Info: Redefining \% on input line 653.
 [80] [81]
LaTeX Info: Redefining \. on input line 682.
LaTeX Info: Redefining \% on input line 682.
 [82] [83]

LaTeX Warning: Citation 'ostuzzi2022preventing' on page 84 undefined on input l
ine 713.

)

LaTeX Warning: Empty bibliography on input line 716.

LaTeX Info: Redefining \. on input line 34.
LaTeX Info: Redefining \% on input line 34.
[84] [85]
\openout2 = `F22a.aux'.

 (./F22a.tex [86





]
chapter 7.
Package biblatex Info: Reference section=0 on input line 1.
\blx@maxsegment@8=\count422
\blx@sectionciteorder@8=\count423
Package biblatex Info: Reference section=8 on input line 1.
Package biblatex Info: Setting label 'refsection:8' on input line 1.
[87]
LaTeX Info: Redefining \. on input line 49.
LaTeX Info: Redefining \% on input line 49.
 [88] [89]
LaTeX Info: Redefining \. on input line 104.
LaTeX Info: Redefining \% on input line 104.
 [90] [91]
LaTeX Info: Redefining \. on input line 149.
LaTeX Info: Redefining \% on input line 149.
 [92] [93]
Underfull \vbox (badness 10000) has occurred while \output is active []

LaTeX Info: Redefining \. on input line 192.
LaTeX Info: Redefining \% on input line 192.
 [94])
[95]
\openout2 = `F22b.aux'.

 (./F22b.tex
LaTeX Info: Redefining \. on input line 38.
LaTeX Info: Redefining \% on input line 38.
 [96



]) [97]
\openout2 = `F23.aux'.

 (./F23.tex [98





]
chapter 8.
Package biblatex Info: Reference section=0 on input line 1.
\blx@maxsegment@9=\count424
\blx@sectionciteorder@9=\count425
Package biblatex Info: Reference section=9 on input line 1.
Package biblatex Info: Setting label 'refsection:9' on input line 1.
LaTeX Font Info:    Trying to load font information for U+fontawesomefree3 on i
nput line 5.

(/usr/local/texlive/2024basic/texmf-dist/tex/latex/fontawesome5/ufontawesomefre
e3.fd) [99{/usr/local/texlive/2024basic/texmf-dist/fonts/enc/dvips/fontawesome5
/fa5free3.enc}]
LaTeX Info: Redefining \. on input line 58.
LaTeX Info: Redefining \% on input line 58.
 [100] [101]
LaTeX Info: Redefining \. on input line 116.
LaTeX Info: Redefining \% on input line 116.
 [102] [103]
LaTeX Info: Redefining \. on input line 176.
LaTeX Info: Redefining \% on input line 176.
 [104] [105]
LaTeX Info: Redefining \. on input line 265.
LaTeX Info: Redefining \% on input line 265.
 [106]

LaTeX Warning: Empty bibliography on input line 290.

) [107] [108




]
part V.
Package scrkbase Info: You've told me to use the font selection of the element
(scrkbase)             `partprefix' that is an alias of element `partnumber'
(scrkbase)              on input line 38.
[109] [110]
\openout2 = `F30.aux'.

 (./F30.tex
chapter 9.
Package biblatex Info: Reference section=0 on input line 1.
\blx@maxsegment@10=\count426
\blx@sectionciteorder@10=\count427
Package biblatex Info: Reference section=10 on input line 1.
Package biblatex Info: Setting label 'refsection:10' on input line 1.
[111



]
LaTeX Info: Redefining \. on input line 87.
LaTeX Info: Redefining \% on input line 87.
 [112] [113]
LaTeX Info: Redefining \. on input line 210.
LaTeX Info: Redefining \% on input line 210.
 [114]
Underfull \vbox (badness 1509) has occurred while \output is active []

 [115]
LaTeX Info: Redefining \. on input line 314.
LaTeX Info: Redefining \% on input line 314.

[116] [117]
LaTeX Info: Redefining \. on input line 457.
LaTeX Info: Redefining \% on input line 457.
 [118] [119]
LaTeX Info: Redefining \. on input line 549.
LaTeX Info: Redefining \% on input line 549.
 [120] [121]
LaTeX Info: Redefining \. on input line 702.
LaTeX Info: Redefining \% on input line 702.
 [122] [123])
LaTeX Info: Redefining \. on input line 39.
LaTeX Info: Redefining \% on input line 39.
 [124] [125]
\openout2 = `F31.aux'.

 (./F31.tex
[126





]
chapter 10.
Package biblatex Info: Reference section=0 on input line 1.
\blx@maxsegment@11=\count428
\blx@sectionciteorder@11=\count429
Package biblatex Info: Reference section=11 on input line 1.
Package biblatex Info: Setting label 'refsection:11' on input line 1.
[127]
LaTeX Info: Redefining \. on input line 44.
LaTeX Info: Redefining \% on input line 44.
 [128] [129]
LaTeX Info: Redefining \. on input line 81.
LaTeX Info: Redefining \% on input line 81.
 [130] [131]
LaTeX Info: Redefining \. on input line 163.
LaTeX Info: Redefining \% on input line 163.
 [132] [133]
LaTeX Info: Redefining \. on input line 225.
LaTeX Info: Redefining \% on input line 225.
 [134] [135]
LaTeX Info: Redefining \. on input line 274.
LaTeX Info: Redefining \% on input line 274.
 [136]

LaTeX Warning: Citation 'yatham2018canadian' on page 137 undefined on input lin
e 275.

[137]
LaTeX Info: Redefining \. on input line 325.
LaTeX Info: Redefining \% on input line 325.
 [138] [139]
LaTeX Info: Redefining \. on input line 374.
LaTeX Info: Redefining \% on input line 374.
 [140] [141]
LaTeX Font Info:    Trying to load font information for U+fontawesomefree1 on i
nput line 396.

(/usr/local/texlive/2024basic/texmf-dist/tex/latex/fontawesome5/ufontawesomefre
e1.fd)

LaTeX Warning: Citation 'yatham2018canadian' on page 142 undefined on input lin
e 414.

LaTeX Info: Redefining \. on input line 422.
LaTeX Info: Redefining \% on input line 422.
[142{/usr/local/texlive/2024basic/texmf-dist/fonts/enc/dvips/fontawesome5/fa5fr
ee1.enc}] [143])
LaTeX Info: Redefining \. on input line 40.
LaTeX Info: Redefining \% on input line 40.
 [144]
\openout2 = `F32.aux'.

 (./F32.tex
chapter 11.
Package biblatex Info: Reference section=0 on input line 1.
\blx@maxsegment@12=\count430
\blx@sectionciteorder@12=\count431
Package biblatex Info: Reference section=12 on input line 1.
Package biblatex Info: Setting label 'refsection:12' on input line 1.

Overfull \hbox (15.22397pt too wide) in paragraph at lines 24--49
\T1/lmr/m/n/10.95 ES-CI, RE-BO, NORT |Arrit-mias|SERT, AGOM|DESV, FLUO, FLUV, V
ORT, MIRT|CITA,
 []

[145





]
LaTeX Info: Redefining \. on input line 70.
LaTeX Info: Redefining \% on input line 70.
 [146] [147]
LaTeX Info: Redefining \. on input line 148.
LaTeX Info: Redefining \% on input line 148.
 [148] [149]
LaTeX Info: Redefining \. on input line 229.
LaTeX Info: Redefining \% on input line 229.
 [150] [151]
Overfull \hbox (0.27774pt too wide) in paragraph at lines 303--316
\T1/lmr/m/n/10.95 * Fac-to-res ex-ter-na-li-zan-tes: por ejem-plo con-su-mo de 
sus-tan-cias foot-no-te:[Compton, W.M.,
 []

LaTeX Info: Redefining \. on input line 325.
LaTeX Info: Redefining \% on input line 325.
[152]
Underfull \vbox (badness 1472) has occurred while \output is active []

 [153]
LaTeX Info: Redefining \. on input line 387.
LaTeX Info: Redefining \% on input line 387.

[154] [155]
LaTeX Info: Redefining \. on input line 444.
LaTeX Info: Redefining \% on input line 444.
 [156]
Overfull \hbox (8.9753pt too wide) in paragraph at lines 446--449
\T1/lmr/m/n/10.95 right[] Olan-za-pi-na icon:arrow-right[] Ris-pe-ri-do-na icon
:arrow-right[] Ha-lo-pe-ri-dol. * Agitada-
 []

[157]

LaTeX Warning: Citation 'yatham2018canadian' on page 158 undefined on input lin
e 498.

)
LaTeX Info: Redefining \. on input line 41.
LaTeX Info: Redefining \% on input line 41.
 [158] [159] [160




]
part VI.
Package scrkbase Info: You've told me to use the font selection of the element
(scrkbase)             `partprefix' that is an alias of element `partnumber'
(scrkbase)              on input line 42.
[161] [162]
\openout2 = `F40.aux'.

 (./F40.tex
Package biblatex Info: Reference section=0 on input line 1.
\blx@maxsegment@13=\count432
\blx@sectionciteorder@13=\count433
Package biblatex Info: Reference section=13 on input line 1.
Package biblatex Info: Setting label 'refsection:13' on input line 1.
 [163



] [164] [165] [166] [167] [168] [169] [170] [171])
[172]
\openout2 = `F40a.aux'.

 (./F40a.tex
Package biblatex Info: Reference section=0 on input line 1.
\blx@maxsegment@14=\count434
\blx@sectionciteorder@14=\count435
Package biblatex Info: Reference section=14 on input line 1.
Package biblatex Info: Setting label 'refsection:14' on input line 1.

Underfull \vbox (badness 4467) has occurred while \output is active []

 [173





]
[174] [175] [176] [177] [178] [179]) [180]
\openout2 = `F41a.aux'.

 (./F41a.tex [181



] [182] [183]
[184] [185]
Overfull \hbox (31.60402pt too wide) in paragraph at lines 270--271
[]\T1/lmr/m/n/10.95 Benzodiacepinas: Al-pra-zo-lam li-be-ra-ción pro-lon-ga-da 
1-2 mg/día en to-ma úni-ca ->Clonazepam
 []

[186] [187]) [188]
\openout2 = `F41b.aux'.

 (./F41b.tex
chapter 12.
Package biblatex Info: Reference section=0 on input line 1.
\blx@maxsegment@15=\count436
\blx@sectionciteorder@15=\count437
Package biblatex Info: Reference section=15 on input line 1.
Package biblatex Info: Setting label 'refsection:15' on input line 1.
[189





])

LaTeX Warning: Empty bibliography on input line 44.

LaTeX Info: Redefining \. on input line 46.
LaTeX Info: Redefining \% on input line 46.
[190]
\openout2 = `F42.aux'.

 (./F42.tex
chapter 13.
Package biblatex Info: Reference section=0 on input line 1.
\blx@maxsegment@16=\count438
\blx@sectionciteorder@16=\count439
Package biblatex Info: Reference section=16 on input line 1.
Package biblatex Info: Setting label 'refsection:16' on input line 1.
[191





]
LaTeX Info: Redefining \. on input line 69.
LaTeX Info: Redefining \% on input line 69.
 [192] [193]
LaTeX Info: Redefining \. on input line 146.
LaTeX Info: Redefining \% on input line 146.
 [194] [195]
LaTeX Info: Redefining \. on input line 232.
LaTeX Info: Redefining \% on input line 232.
 [196] [197]
LaTeX Info: Redefining \. on input line 274.
LaTeX Info: Redefining \% on input line 274.
 [198] [199])

LaTeX Warning: Empty bibliography on input line 318.

LaTeX Info: Redefining \. on input line 47.
LaTeX Info: Redefining \% on input line 47.
[200]
\openout2 = `F43.aux'.

 (./F43.tex
chapter 14.
Package biblatex Info: Reference section=0 on input line 1.
\blx@maxsegment@17=\count440
\blx@sectionciteorder@17=\count441
Package biblatex Info: Reference section=17 on input line 1.
Package biblatex Info: Setting label 'refsection:17' on input line 1.

LaTeX Warning: Citation 'starcevic2017no' on page 201 undefined on input line 5
.


LaTeX Warning: Empty bibliography on input line 10.

) [201





]
\openout2 = `F44.aux'.

 (./F44.tex [202





]
chapter 15.
Package biblatex Info: Reference section=0 on input line 1.
\blx@maxsegment@18=\count442
\blx@sectionciteorder@18=\count443
Package biblatex Info: Reference section=18 on input line 1.
Package biblatex Info: Setting label 'refsection:18' on input line 1.
[203]
LaTeX Info: Redefining \. on input line 44.
LaTeX Info: Redefining \% on input line 44.
 [204]
Overfull \hbox (4.83968pt too wide) in paragraph at lines 67--70
[]\T1/lmr/m/n/10.95 * Mal ma-ne-jo de la agre-si-vi-dad * Tras-tor-nos de la es
-fe-ra se-xual * De-pen-dien-te/inmaduro 
 []

[205]
LaTeX Info: Redefining \. on input line 121.
LaTeX Info: Redefining \% on input line 121.
 [206] [207]
LaTeX Info: Redefining \. on input line 179.
LaTeX Info: Redefining \% on input line 179.
 [208] [209]
LaTeX Info: Redefining \. on input line 232.
LaTeX Info: Redefining \% on input line 232.
 [210] [211])
LaTeX Info: Redefining \. on input line 49.
LaTeX Info: Redefining \% on input line 49.
 [212]
\openout2 = `F45.aux'.

 (./F45.tex
chapter 16.
Package biblatex Info: Reference section=0 on input line 1.
\blx@maxsegment@19=\count444
\blx@sectionciteorder@19=\count445
Package biblatex Info: Reference section=19 on input line 1.
Package biblatex Info: Setting label 'refsection:19' on input line 1.
)

LaTeX Warning: Empty bibliography on input line 11.

[213





]
\openout2 = `F48.aux'.

 (./F48.tex [214





]
chapter 17.
Package biblatex Info: Reference section=0 on input line 1.
\blx@maxsegment@20=\count446
\blx@sectionciteorder@20=\count447
Package biblatex Info: Reference section=20 on input line 1.
Package biblatex Info: Setting label 'refsection:20' on input line 1.

Overfull \hbox (30.63184pt too wide) in paragraph at lines 17--18
\T1/lmr/m/n/10.95 meno ais-la-do: es-ta-dos fa-ti-ga, pri-va-ción sen-so-rial, 
fe-nó-me-nos hip-na-gó-gi-cos/hipnopómpicos,
 []

[215])
LaTeX Info: Redefining \. on input line 51.
LaTeX Info: Redefining \% on input line 51.
 [216]
part VII.
Package scrkbase Info: You've told me to use the font selection of the element
(scrkbase)             `partprefix' that is an alias of element `partnumber'
(scrkbase)              on input line 52.
[217




] [218]
\openout2 = `F50.aux'.

 (./F50.tex
chapter 18.
Package biblatex Info: Reference section=0 on input line 1.
\blx@maxsegment@21=\count448
\blx@sectionciteorder@21=\count449
Package biblatex Info: Reference section=21 on input line 1.
Package biblatex Info: Setting label 'refsection:21' on input line 1.
[219



]
LaTeX Info: Redefining \. on input line 62.
LaTeX Info: Redefining \% on input line 62.
 [220])

LaTeX Warning: Empty bibliography on input line 83.

[221{/usr/local/texlive/2024basic/texmf-dist/fonts/enc/dvips/lm/lm-mathit.enc}]
\openout2 = `F51.aux'.

(./F51.tex [222





]
Package biblatex Info: Reference section=0 on input line 1.
\blx@maxsegment@22=\count450
\blx@sectionciteorder@22=\count451
Package biblatex Info: Reference section=22 on input line 1.
Package biblatex Info: Setting label 'refsection:22' on input line 1.
) [223] [224




]
part VIII.
Package scrkbase Info: You've told me to use the font selection of the element
(scrkbase)             `partprefix' that is an alias of element `partnumber'
(scrkbase)              on input line 55.
[225] [226]
\openout2 = `F60.aux'.

 (./F60.tex
chapter 19.
Package biblatex Info: Reference section=0 on input line 1.
\blx@maxsegment@23=\count452
\blx@sectionciteorder@23=\count453
Package biblatex Info: Reference section=23 on input line 1.
Package biblatex Info: Setting label 'refsection:23' on input line 1.

Underfull \vbox (badness 1681) has occurred while \output is active []

 [227



]
LaTeX Info: Redefining \. on input line 120.
LaTeX Info: Redefining \% on input line 120.

[228] [229]
LaTeX Info: Redefining \. on input line 183.
LaTeX Info: Redefining \% on input line 183.
 [230] [231])

LaTeX Warning: Empty bibliography on input line 225.

LaTeX Info: Redefining \. on input line 56.
LaTeX Info: Redefining \% on input line 56.
[232]
\openout2 = `F63.aux'.

 (./F63.tex
chapter 20.
Package biblatex Info: Reference section=0 on input line 1.
\blx@maxsegment@24=\count454
\blx@sectionciteorder@24=\count455
Package biblatex Info: Reference section=24 on input line 1.
Package biblatex Info: Setting label 'refsection:24' on input line 1.
) [233





]
LaTeX Info: Redefining \. on input line 57.
LaTeX Info: Redefining \% on input line 57.
 [234]
\openout2 = `F68.aux'.

 (./F68.tex
chapter 21.
Package biblatex Info: Reference section=0 on input line 1.
\blx@maxsegment@25=\count456
\blx@sectionciteorder@25=\count457
Package biblatex Info: Reference section=25 on input line 1.
Package biblatex Info: Setting label 'refsection:25' on input line 1.
) [235





] [236




]
part IX.
Package scrkbase Info: You've told me to use the font selection of the element
(scrkbase)             `partprefix' that is an alias of element `partnumber'
(scrkbase)              on input line 59.
[237] [238]
\openout2 = `F70.aux'.

 (./F70.tex
chapter 22.
Package biblatex Info: Reference section=0 on input line 1.
\blx@maxsegment@26=\count458
\blx@sectionciteorder@26=\count459
Package biblatex Info: Reference section=26 on input line 1.
Package biblatex Info: Setting label 'refsection:26' on input line 1.
[239



]
LaTeX Info: Redefining \. on input line 70.
LaTeX Info: Redefining \% on input line 70.
 [240] [241]
LaTeX Info: Redefining \. on input line 128.
LaTeX Info: Redefining \% on input line 128.
 [242]) [243] [244




]
part X.
Package scrkbase Info: You've told me to use the font selection of the element
(scrkbase)             `partprefix' that is an alias of element `partnumber'
(scrkbase)              on input line 61.
[245] [246]
\openout2 = `F84.aux'.

 (./F84.tex [247

]) [248]
part XI.
Package scrkbase Info: You've told me to use the font selection of the element
(scrkbase)             `partprefix' that is an alias of element `partnumber'
(scrkbase)              on input line 63.
[249




] [250]
\openout2 = `F90.aux'.

 (./F90.tex
Package biblatex Info: Reference section=0 on input line 1.
\blx@maxsegment@27=\count460
\blx@sectionciteorder@27=\count461
Package biblatex Info: Reference section=27 on input line 1.
Package biblatex Info: Setting label 'refsection:27' on input line 1.
 [251



] [252] [253])

LaTeX Warning: Empty bibliography on input line 106.

[254]
\openout2 = `F93.aux'.

 (./F93.tex
chapter 23.
Package biblatex Info: Reference section=0 on input line 1.
\blx@maxsegment@28=\count462
\blx@sectionciteorder@28=\count463
Package biblatex Info: Reference section=28 on input line 1.
Package biblatex Info: Setting label 'refsection:28' on input line 1.

LaTeX Warning: Citation 'baker2007diagnosis' on page 255 undefined on input lin
e 13.


Overfull \hbox (16.34773pt too wide) in paragraph at lines 13--14
\T1/lmr/m/n/10.95 cui-da-do-res, sen-si-bi-li-dad al con-tex-to so-cio-eco-nó-m
i-co, cul-tu-ral, ét-ni-co [[]]. 
 []

[255





])

LaTeX Warning: Empty bibliography on input line 38.

LaTeX Info: Redefining \. on input line 65.
LaTeX Info: Redefining \% on input line 65.
[256]
\openout2 = `F98.aux'.

 (./F98.tex
chapter 24.
Package biblatex Info: Reference section=0 on input line 1.
\blx@maxsegment@29=\count464
\blx@sectionciteorder@29=\count465
Package biblatex Info: Reference section=29 on input line 1.
Package biblatex Info: Setting label 'refsection:29' on input line 1.
) [257





] [258




]
part XII.
Package scrkbase Info: You've told me to use the font selection of the element
(scrkbase)             `partprefix' that is an alias of element `partnumber'
(scrkbase)              on input line 67.
[259] [260]
\openout2 = `IAE.aux'.

 (./IAE.tex) [261

]
\openout2 = `Estupor.aux'.

 (./Estupor.tex [262





]
Package biblatex Info: Reference section=0 on input line 1.
\blx@maxsegment@30=\count466
\blx@sectionciteorder@30=\count467
Package biblatex Info: Reference section=30 on input line 1.
Package biblatex Info: Setting label 'refsection:30' on input line 1.
 [263]) [264]
\openout2 = `snm.aux'.

 (./snm.tex
chapter 25.
Package biblatex Info: Reference section=0 on input line 1.
\blx@maxsegment@31=\count468
\blx@sectionciteorder@31=\count469
Package biblatex Info: Reference section=31 on input line 1.
Package biblatex Info: Setting label 'refsection:31' on input line 1.
[265





]

LaTeX Warning: Citation 'ware2018neuroleptic' on page 266 undefined on input li
ne 25.


Overfull \hbox (7.91325pt too wide) in paragraph at lines 25--38
[]\T1/lmr/m/n/10.95 Un con-sen-so de ex-per-tos pro-pu-so cri-te-rios al-go más
 restrictivos[[]]:
 []

LaTeX Info: Redefining \. on input line 65.
LaTeX Info: Redefining \% on input line 65.
[266] [267])

LaTeX Warning: Empty bibliography on input line 109.

LaTeX Info: Redefining \. on input line 70.
LaTeX Info: Redefining \% on input line 70.
[268]
part XIII.
Package scrkbase Info: You've told me to use the font selection of the element
(scrkbase)             `partprefix' that is an alias of element `partnumber'
(scrkbase)              on input line 71.
[269




] [270]
\openout2 = `Fragmentos.aux'.

 (./Fragmentos.tex) [271

]
\openout2 = `Abreviaturas.aux'.

 (./Abreviaturas.tex [272



] [273]) [274]
(./encares.aux
LaTeX Info: Redefining \sptext on input line 10.
LaTeX Info: Redefining \. on input line 10.
LaTeX Info: Redefining \% on input line 10.
 (./Intro.aux) (./F00.aux) (./F05.aux) (./F10.aux) (./F11.aux)
(./F20.aux) (./F22a.aux) (./F22b.aux) (./F23.aux) (./F30.aux) (./F31.aux)
(./F32.aux) (./F40.aux) (./F40a.aux) (./F41a.aux) (./F41b.aux) (./F42.aux)
(./F43.aux) (./F44.aux) (./F45.aux) (./F48.aux) (./F50.aux) (./F51.aux)
(./F60.aux) (./F63.aux) (./F68.aux) (./F70.aux) (./F84.aux) (./F90.aux)
(./F93.aux) (./F98.aux) (./IAE.aux) (./Estupor.aux) (./snm.aux)
(./Fragmentos.aux) (./Abreviaturas.aux))
 ***********
LaTeX2e <2023-11-01> patch level 1
L3 programming layer <2024-03-14>
 ***********


LaTeX Warning: There were undefined references.


Package biblatex Warning: Please (re)run Biber on the file:
(biblatex)                encares
(biblatex)                and rerun LaTeX afterwards.

Package logreq Info: Writing requests to 'encares.run.xml'.
\openout1 = `encares.run.xml'.

 ) 
Here is how much of TeX's memory you used:
 19603 strings out of 475555
 396417 string characters out of 5777674
 1941493 words of memory out of 5000000
 41322 multiletter control sequences out of 15000+600000
 633310 words of font info for 83 fonts, out of 8000000 for 9000
 319 hyphenation exceptions out of 8191
 108i,9n,107p,10929b,2073s stack positions out of 10000i,1000n,20000p,200000b,200000s
</usr/local/texlive/2024basic/texmf-dist/fonts/type1/public/fontawesome5/Font
Awesome5Free-Solid.pfb></usr/local/texlive/2024basic/texmf-dist/fonts/type1/pub
lic/lm/lmbx10.pfb></usr/local/texlive/2024basic/texmf-dist/fonts/type1/public/l
m/lmmi10.pfb></usr/local/texlive/2024basic/texmf-dist/fonts/type1/public/lm/lmr
10.pfb></usr/local/texlive/2024basic/texmf-dist/fonts/type1/public/lm/lmr12.pfb
></usr/local/texlive/2024basic/texmf-dist/fonts/type1/public/lm/lmr5.pfb></usr/
local/texlive/2024basic/texmf-dist/fonts/type1/public/lm/lmr6.pfb></usr/local/t
exlive/2024basic/texmf-dist/fonts/type1/public/lm/lmr8.pfb></usr/local/texlive/
2024basic/texmf-dist/fonts/type1/public/lm/lmr9.pfb></usr/local/texlive/2024bas
ic/texmf-dist/fonts/type1/public/lm/lmro10.pfb></usr/local/texlive/2024basic/te
xmf-dist/fonts/type1/public/lm/lmssbx10.pfb></usr/local/texlive/2024basic/texmf
-dist/fonts/type1/public/lm/lmsy10.pfb>
Output written on encares.pdf (274 pages, 847712 bytes).
PDF statistics:
 974 PDF objects out of 1000 (max. 8388607)
 659 compressed objects within 7 object streams
 0 named destinations out of 1000 (max. 500000)
 11 words of extra memory for PDF output out of 10000 (max. 10000000)

